<?xml version="1.0" encoding="UTF-8"?>
<!-- Generated by org.testng.reporters.JUnitXMLReporter -->
<testsuite hostname="idea-PC" ignored="0" name="Test" tests="3" failures="0" timestamp="29 Jul 2018 06:50:15 GMT" time="174.041" errors="0">
  <testcase name="createLead" time="33.176" classname="testcases.TC002_CreateLeadNeg"/>
  <testcase name="createLead" time="29.077" classname="testcases.TC002_CreateLeadNeg"/>
  <testcase name="createLead" time="5.55" classname="testcases.TC002_CreateLeadNeg"/>
</testsuite> <!-- Test -->
